[2025-07-25T06:20:58.268+07:00] [info]: Server is listening on port: 8000
[2025-07-25T06:21:00.704+07:00] [info]: Server is listening on port: 8000
[2025-07-25T06:21:06.147+07:00] [info]: Server is listening on port: 8000
[2025-07-25T06:23:14.123+07:00] [info]: Server is listening on port: 8000
[2025-07-25T06:23:24.351+07:00] [info]: Server is listening on port: 8000
[2025-07-25T06:30:12.012+07:00] [info]: Server is listening on port: 8000
[2025-07-25T06:30:36.848+07:00] [info]: Server is listening on port: 8000
[2025-07-25T06:30:55.521+07:00] [info]: Server is listening on port: 8000
[2025-07-25T06:32:25.822+07:00] [info]: Server is listening on port: 8000
[2025-07-25T06:43:27.258+07:00] [info]: Server is listening on port: 8000
[2025-07-25T06:45:02.202+07:00] [info]: Server is listening on port: 8000
[2025-07-25T06:45:03.295+07:00] [info]: Server is listening on port: 8000
[2025-07-25T06:45:04.329+07:00] [info]: Server is listening on port: 8000
[2025-07-25T06:45:12.115+07:00] [error]: Email already exists
[2025-07-25T06:45:20.261+07:00] [info]: Server is listening on port: 8000
[2025-07-25T06:45:41.540+07:00] [error]: [
  {
    "origin": "string",
    "code": "too_small",
    "minimum": 8,
    "inclusive": true,
    "path": [
      "password"
    ],
    "message": "Password must be at least 8 characters long"
  },
  {
    "origin": "string",
    "code": "invalid_format",
    "format": "regex",
    "pattern": "/[\\W_]/",
    "path": [
      "password"
    ],
    "message": "Password must contain at least one special character"
  }
]
[2025-07-25T06:45:57.521+07:00] [error]: Email already exists
[2025-07-25T07:04:43.454+07:00] [info]: Server is listening on port: 8000
[2025-07-25T07:05:13.179+07:00] [info]: Server is listening on port: 8000
[2025-07-25T07:05:43.542+07:00] [error]: Email already exists
[2025-07-25T07:05:49.217+07:00] [error]: [
  {
    "origin": "string",
    "code": "too_small",
    "minimum": 8,
    "inclusive": true,
    "path": [
      "password"
    ],
    "message": "Password must be at least 8 characters long"
  },
  {
    "origin": "string",
    "code": "invalid_format",
    "format": "regex",
    "pattern": "/[\\W_]/",
    "path": [
      "password"
    ],
    "message": "Password must contain at least one special character"
  }
]
