[2025-07-25T06:45:12.115+07:00] [error]: Email already exists
[2025-07-25T06:45:41.540+07:00] [error]: [
  {
    "origin": "string",
    "code": "too_small",
    "minimum": 8,
    "inclusive": true,
    "path": [
      "password"
    ],
    "message": "Password must be at least 8 characters long"
  },
  {
    "origin": "string",
    "code": "invalid_format",
    "format": "regex",
    "pattern": "/[\\W_]/",
    "path": [
      "password"
    ],
    "message": "Password must contain at least one special character"
  }
]
[2025-07-25T06:45:57.521+07:00] [error]: Email already exists
[2025-07-25T07:05:43.542+07:00] [error]: Email already exists
[2025-07-25T07:05:49.217+07:00] [error]: [
  {
    "origin": "string",
    "code": "too_small",
    "minimum": 8,
    "inclusive": true,
    "path": [
      "password"
    ],
    "message": "Password must be at least 8 characters long"
  },
  {
    "origin": "string",
    "code": "invalid_format",
    "format": "regex",
    "pattern": "/[\\W_]/",
    "path": [
      "password"
    ],
    "message": "Password must contain at least one special character"
  }
]
